{
"contracts\\MyVotingNFT.sol":{"l":{"13":6,"14":6,"16":6,"17":6},"path":"D:\\NaUKMA\\4 курс\\Blockchain\\web3-voting-nft\\contracts\\MyVotingNFT.sol","s":{"1":6,"2":6,"3":6},"b":{"1":[6,0]},"f":{"1":7,"2":6},"fnMap":{"1":{"name":"constructor","line":10,"loc":{"start":{"line":10,"column":4},"end":{"line":10,"column":75}}},"2":{"name":"mint","line":12,"loc":{"start":{"line":12,"column":4},"end":{"line":18,"column":4}}}},"statementMap":{"1":{"start":{"line":13,"column":8},"end":{"line":13,"column":41}},"2":{"start":{"line":16,"column":8},"end":{"line":16,"column":29}},"3":{"start":{"line":17,"column":8},"end":{"line":17,"column":38}}},"branchMap":{"1":{"line":12,"type":"if","locations":[{"start":{"line":12,"column":61},"end":{"line":12,"column":61}},{"start":{"line":12,"column":61},"end":{"line":12,"column":61}}]}}},
"contracts\\VotingContractsNFT.sol":{"l":{"27":9,"28":9,"32":7,"33":7,"37":8,"38":8,"39":8,"40":8,"41":8,"42":8,"44":8,"45":15,"46":15,"49":8,"53":4,"55":4,"56":4,"57":4,"58":4,"59":3,"61":3,"62":3,"66":1,"67":1,"68":1,"72":1,"73":1,"74":1,"76":1,"77":3,"78":1,"79":1,"83":1,"87":1,"88":1,"89":1,"93":1,"102":2,"103":2},"path":"D:\\NaUKMA\\4 курс\\Blockchain\\web3-voting-nft\\contracts\\VotingContractsNFT.sol","s":{"1":9,"2":8,"3":8,"4":4,"5":4,"6":4,"7":4,"8":4,"9":3,"10":1,"11":1,"12":1,"13":1,"14":1,"15":1,"16":3,"17":1,"18":1,"19":1,"20":1,"21":1,"22":2,"23":2},"b":{"1":[9,0],"2":[8,0],"3":[4,0],"4":[4,0],"5":[4,0],"6":[3,1],"7":[3,0],"8":[1,0],"9":[1,0],"10":[1,2],"11":[1,0]},"f":{"1":9,"2":7,"3":8,"4":4,"5":1,"6":1,"7":1,"8":1,"9":2},"fnMap":{"1":{"name":"onlyOwner","line":26,"loc":{"start":{"line":26,"column":4},"end":{"line":29,"column":4}}},"2":{"name":"constructor","line":31,"loc":{"start":{"line":31,"column":4},"end":{"line":34,"column":4}}},"3":{"name":"createVoting","line":36,"loc":{"start":{"line":36,"column":4},"end":{"line":50,"column":4}}},"4":{"name":"vote","line":52,"loc":{"start":{"line":52,"column":4},"end":{"line":63,"column":4}}},"5":{"name":"endVoting","line":65,"loc":{"start":{"line":65,"column":4},"end":{"line":69,"column":4}}},"6":{"name":"getWinner","line":71,"loc":{"start":{"line":71,"column":4},"end":{"line":84,"column":4}}},"7":{"name":"getOption","line":86,"loc":{"start":{"line":86,"column":4},"end":{"line":90,"column":4}}},"8":{"name":"hasAddressVoted","line":92,"loc":{"start":{"line":92,"column":4},"end":{"line":94,"column":4}}},"9":{"name":"getVotingDetails","line":96,"loc":{"start":{"line":96,"column":4},"end":{"line":104,"column":4}}}},"statementMap":{"1":{"start":{"line":27,"column":8},"end":{"line":27,"column":61}},"2":{"start":{"line":37,"column":8},"end":{"line":37,"column":47}},"3":{"start":{"line":44,"column":8},"end":{"line":44,"column":1221}},"4":{"start":{"line":53,"column":8},"end":{"line":53,"column":45}},"5":{"start":{"line":55,"column":8},"end":{"line":55,"column":48}},"6":{"start":{"line":56,"column":8},"end":{"line":56,"column":63}},"7":{"start":{"line":57,"column":8},"end":{"line":57,"column":56}},"8":{"start":{"line":58,"column":8},"end":{"line":58,"column":82}},"9":{"start":{"line":59,"column":8},"end":{"line":59,"column":60}},"10":{"start":{"line":66,"column":8},"end":{"line":66,"column":45}},"11":{"start":{"line":67,"column":8},"end":{"line":67,"column":41}},"12":{"start":{"line":72,"column":8},"end":{"line":72,"column":45}},"13":{"start":{"line":73,"column":8},"end":{"line":73,"column":25}},"14":{"start":{"line":74,"column":8},"end":{"line":74,"column":25}},"15":{"start":{"line":76,"column":8},"end":{"line":76,"column":2309}},"16":{"start":{"line":77,"column":12},"end":{"line":77,"column":2370}},"17":{"start":{"line":83,"column":8},"end":{"line":83,"column":46}},"18":{"start":{"line":87,"column":8},"end":{"line":87,"column":45}},"19":{"start":{"line":88,"column":8},"end":{"line":88,"column":60}},"20":{"start":{"line":89,"column":8},"end":{"line":89,"column":57}},"21":{"start":{"line":93,"column":8},"end":{"line":93,"column":49}},"22":{"start":{"line":102,"column":8},"end":{"line":102,"column":45}},"23":{"start":{"line":103,"column":8},"end":{"line":103,"column":61}}},"branchMap":{"1":{"line":27,"type":"if","locations":[{"start":{"line":27,"column":8},"end":{"line":27,"column":8}},{"start":{"line":27,"column":8},"end":{"line":27,"column":8}}]},"2":{"line":36,"type":"if","locations":[{"start":{"line":36,"column":106},"end":{"line":36,"column":106}},{"start":{"line":36,"column":106},"end":{"line":36,"column":106}}]},"3":{"line":55,"type":"if","locations":[{"start":{"line":55,"column":8},"end":{"line":55,"column":8}},{"start":{"line":55,"column":8},"end":{"line":55,"column":8}}]},"4":{"line":56,"type":"if","locations":[{"start":{"line":56,"column":8},"end":{"line":56,"column":8}},{"start":{"line":56,"column":8},"end":{"line":56,"column":8}}]},"5":{"line":57,"type":"if","locations":[{"start":{"line":57,"column":8},"end":{"line":57,"column":8}},{"start":{"line":57,"column":8},"end":{"line":57,"column":8}}]},"6":{"line":58,"type":"if","locations":[{"start":{"line":58,"column":8},"end":{"line":58,"column":8}},{"start":{"line":58,"column":8},"end":{"line":58,"column":8}}]},"7":{"line":59,"type":"if","locations":[{"start":{"line":59,"column":8},"end":{"line":59,"column":8}},{"start":{"line":59,"column":8},"end":{"line":59,"column":8}}]},"8":{"line":65,"type":"if","locations":[{"start":{"line":65,"column":48},"end":{"line":65,"column":48}},{"start":{"line":65,"column":48},"end":{"line":65,"column":48}}]},"9":{"line":67,"type":"if","locations":[{"start":{"line":67,"column":8},"end":{"line":67,"column":8}},{"start":{"line":67,"column":8},"end":{"line":67,"column":8}}]},"10":{"line":77,"type":"if","locations":[{"start":{"line":77,"column":12},"end":{"line":77,"column":12}},{"start":{"line":77,"column":12},"end":{"line":77,"column":12}}]},"11":{"line":88,"type":"if","locations":[{"start":{"line":88,"column":8},"end":{"line":88,"column":8}},{"start":{"line":88,"column":8},"end":{"line":88,"column":8}}]}}}}
