TN:
SF:D:\NaUKMA\4 курс\Blockchain\web3-voting-nft\contracts\MyVotingNFT.sol
FN:10,constructor
FN:12,mint
FNF:2
FNH:2
FNDA:7,constructor
FNDA:6,mint
DA:13,6
DA:14,6
DA:16,6
DA:17,6
LF:4
LH:4
BRDA:12,1,0,6
BRDA:12,1,1,0
BRF:2
BRH:1
end_of_record
TN:
SF:D:\NaUKMA\4 курс\Blockchain\web3-voting-nft\contracts\VotingContractsNFT.sol
FN:26,onlyOwner
FN:31,constructor
FN:36,createVoting
FN:52,vote
FN:65,endVoting
FN:71,getWinner
FN:86,getOption
FN:92,hasAddressVoted
FN:96,getVotingDetails
FNF:9
FNH:9
FNDA:9,onlyOwner
FNDA:7,constructor
FNDA:8,createVoting
FNDA:4,vote
FNDA:1,endVoting
FNDA:1,getWinner
FNDA:1,getOption
FNDA:1,hasAddressVoted
FNDA:2,getVotingDetails
DA:27,9
DA:28,9
DA:32,7
DA:33,7
DA:37,8
DA:38,8
DA:39,8
DA:40,8
DA:41,8
DA:42,8
DA:44,8
DA:45,15
DA:46,15
DA:49,8
DA:53,4
DA:55,4
DA:56,4
DA:57,4
DA:58,4
DA:59,3
DA:61,3
DA:62,3
DA:66,1
DA:67,1
DA:68,1
DA:72,1
DA:73,1
DA:74,1
DA:76,1
DA:77,3
DA:78,1
DA:79,1
DA:83,1
DA:87,1
DA:88,1
DA:89,1
DA:93,1
DA:102,2
DA:103,2
LF:39
LH:39
BRDA:27,1,0,9
BRDA:27,1,1,0
BRDA:36,2,0,8
BRDA:36,2,1,0
BRDA:55,3,0,4
BRDA:55,3,1,0
BRDA:56,4,0,4
BRDA:56,4,1,0
BRDA:57,5,0,4
BRDA:57,5,1,0
BRDA:58,6,0,3
BRDA:58,6,1,1
BRDA:59,7,0,3
BRDA:59,7,1,0
BRDA:65,8,0,1
BRDA:65,8,1,0
BRDA:67,9,0,1
BRDA:67,9,1,0
BRDA:77,10,0,1
BRDA:77,10,1,2
BRDA:88,11,0,1
BRDA:88,11,1,0
BRF:22
BRH:13
end_of_record
